app/build/intermediates/manifest_merge_blame_file/debug/manifest-merger-blame-debug-report.txt
1<?xml version="1.0" encoding="utf-8"?>
2<!--
3  ~ Copyright 2017 Google Inc. All rights reserved.
4  ~
5  ~ Licensed under the Apache License, Version 2.0 (the "License");
6  ~ you may not use this file except in compliance with the License.
7  ~ You may obtain a copy of the License at
8  ~
9  ~     http://www.apache.org/licenses/LICENSE-2.0
10  ~
11  ~ Unless required by applicable law or agreed to in writing, software
12  ~ distributed under the License is distributed on an "AS IS" BASIS,
13  ~ WITHOUT WARRANTIES OR CONDITIONS OF ANY KIND, either express or implied.
14  ~ See the License for the specific language governing permissions and
15  ~ limitations under the License.
16-->
17<manifest xmlns:android="http://schemas.android.com/apk/res/android"
18    xmlns:dist="http://schemas.android.com/apk/distribution"
19    package="com.example.android.uamp.next"
20    android:versionCode="1"
21    android:versionName="1.0" >
22
23    <uses-sdk
24        android:minSdkVersion="19"
24-->src/main/AndroidManifest.xml
25        android:targetSdkVersion="30" />
25-->src/main/AndroidManifest.xml
26
27    <uses-permission android:name="android.permission.FOREGROUND_SERVICE" />
27-->[:common] AndroidManifest.xml:26:5-77
27-->[:common] AndroidManifest.xml:26:22-74
28    <uses-permission android:name="android.permission.INTERNET" />
28-->[:common] AndroidManifest.xml:27:5-67
28-->[:common] AndroidManifest.xml:27:22-64
29    <uses-permission android:name="android.permission.ACCESS_NETWORK_STATE" />
29-->[com.google.android.exoplayer:exoplayer-core:2.11.5] AndroidManifest.xml:24:5-79
29-->[com.google.android.exoplayer:exoplayer-core:2.11.5] AndroidManifest.xml:24:22-76
30
31    <application
31-->src/main/AndroidManifest.xml:22:5-95:19
32        android:name="androidx.multidex.MultiDexApplication"
33        android:allowBackup="true"
33-->src/main/AndroidManifest.xml:23:9-35
34        android:appComponentFactory="androidx.core.app.CoreComponentFactory"
34-->[androidx.core:core:1.3.1] AndroidManifest.xml:24:18-86
35        android:debuggable="true"
36        android:icon="@mipmap/ic_launcher"
36-->src/main/AndroidManifest.xml:24:9-43
37        android:label="@string/app_name"
37-->src/main/AndroidManifest.xml:25:9-41
38        android:roundIcon="@mipmap/ic_launcher_round"
38-->src/main/AndroidManifest.xml:26:9-54
39        android:supportsRtl="true"
39-->src/main/AndroidManifest.xml:27:9-35
40        android:targetSandboxVersion="2"
40-->src/main/AndroidManifest.xml:28:9-41
41        android:theme="@style/AppTheme" >
41-->src/main/AndroidManifest.xml:29:9-40
42
43        <!-- Enable instant app support -->
44        <dist:module dist:instant="true" />
44-->src/main/AndroidManifest.xml:32:9-44
44-->src/main/AndroidManifest.xml:32:22-41
45
46        <!-- Declare that UAMP supports Android Auto. -->
47        <meta-data
47-->src/main/AndroidManifest.xml:35:9-37:59
48            android:name="com.google.android.gms.car.application"
48-->src/main/AndroidManifest.xml:36:13-66
49            android:resource="@xml/automotive_app_desc" />
49-->src/main/AndroidManifest.xml:37:13-56
50
51        <!-- Declare that UAMP supports Cast. -->
52        <meta-data
52-->src/main/AndroidManifest.xml:40:9-41:84
53            android:name="com.google.android.gms.cast.framework.OPTIONS_PROVIDER_CLASS_NAME"
53-->src/main/AndroidManifest.xml:40:20-100
54            android:value="com.example.android.uamp.cast.UampCastOptionsProvider" />
54-->src/main/AndroidManifest.xml:41:13-82
55
56        <activity android:name="com.example.android.uamp.MainActivity" >
56-->src/main/AndroidManifest.xml:43:9-78:20
56-->src/main/AndroidManifest.xml:43:19-47
57            <intent-filter>
57-->src/main/AndroidManifest.xml:44:13-47:29
58                <action android:name="android.intent.action.MAIN" />
58-->src/main/AndroidManifest.xml:45:17-69
58-->src/main/AndroidManifest.xml:45:25-66
59
60                <category android:name="android.intent.category.LAUNCHER" />
60-->src/main/AndroidManifest.xml:46:17-77
60-->src/main/AndroidManifest.xml:46:27-74
61            </intent-filter>
62
63            <!-- App links for http -->
64            <intent-filter>
64-->src/main/AndroidManifest.xml:50:13-60:29
65                <action android:name="android.intent.action.VIEW" />
65-->src/main/AndroidManifest.xml:51:17-69
65-->src/main/AndroidManifest.xml:51:25-66
66
67                <category android:name="android.intent.category.DEFAULT" />
67-->src/main/AndroidManifest.xml:53:17-76
67-->src/main/AndroidManifest.xml:53:27-73
68                <category android:name="android.intent.category.BROWSABLE" />
68-->src/main/AndroidManifest.xml:54:17-78
68-->src/main/AndroidManifest.xml:54:27-75
69
70                <data
70-->src/main/AndroidManifest.xml:56:17-59:45
71                    android:host="example.android.com"
71-->src/main/AndroidManifest.xml:57:21-55
72                    android:pathPattern="/uamp"
72-->src/main/AndroidManifest.xml:58:21-48
73                    android:scheme="http" />
73-->src/main/AndroidManifest.xml:59:21-42
74            </intent-filter>
75
76            <!-- App links for https -->
77            <intent-filter>
77-->src/main/AndroidManifest.xml:63:13-73:29
78                <action android:name="android.intent.action.VIEW" />
78-->src/main/AndroidManifest.xml:51:17-69
78-->src/main/AndroidManifest.xml:51:25-66
79
80                <category android:name="android.intent.category.DEFAULT" />
80-->src/main/AndroidManifest.xml:53:17-76
80-->src/main/AndroidManifest.xml:53:27-73
81                <category android:name="android.intent.category.BROWSABLE" />
81-->src/main/AndroidManifest.xml:54:17-78
81-->src/main/AndroidManifest.xml:54:27-75
82
83                <data
83-->src/main/AndroidManifest.xml:56:17-59:45
84                    android:host="example.android.com"
84-->src/main/AndroidManifest.xml:57:21-55
85                    android:pathPattern="/uamp"
85-->src/main/AndroidManifest.xml:58:21-48
86                    android:scheme="https" />
86-->src/main/AndroidManifest.xml:59:21-42
87            </intent-filter>
88            <intent-filter>
88-->src/main/AndroidManifest.xml:75:13-77:29
89                <action android:name="android.media.action.MEDIA_PLAY_FROM_SEARCH" />
89-->src/main/AndroidManifest.xml:76:17-86
89-->src/main/AndroidManifest.xml:76:25-83
90            </intent-filter>
91        </activity>
92
93        <!--
94        Declare the common MediaBrowserService for use in the mobile app, including
95        with the Android Auto app.
96        -->
97        <service
97-->src/main/AndroidManifest.xml:84:9-93:19
98            android:name="com.example.android.uamp.media.MusicService"
98-->src/main/AndroidManifest.xml:85:13-47
99            android:enabled="true"
99-->src/main/AndroidManifest.xml:86:13-35
100            android:exported="true" >
100-->src/main/AndroidManifest.xml:87:13-36
101            <intent-filter>
101-->src/main/AndroidManifest.xml:90:13-92:29
102                <action android:name="android.media.browse.MediaBrowserService" />
102-->src/main/AndroidManifest.xml:91:17-83
102-->src/main/AndroidManifest.xml:91:25-80
103            </intent-filter>
104        </service>
105
106        <!--
107             MediaSession, prior to API 21, uses a broadcast receiver to communicate with a
108             media session. It does not have to be this broadcast receiver, but it must
109             handle the action "android.intent.action.MEDIA_BUTTON".
110
111             Additionally, this is used to resume the service from an inactive state upon
112             receiving a media button event (such as "play").
113        -->
114        <receiver android:name="androidx.media.session.MediaButtonReceiver" >
114-->[:common] AndroidManifest.xml:39:9-43:20
114-->[:common] AndroidManifest.xml:39:19-76
115            <intent-filter>
115-->[:common] AndroidManifest.xml:40:13-42:29
116                <action android:name="android.intent.action.MEDIA_BUTTON" />
116-->[:common] AndroidManifest.xml:41:17-77
116-->[:common] AndroidManifest.xml:41:25-74
117            </intent-filter>
118        </receiver>
119
120        <provider
120-->[:common] AndroidManifest.xml:45:9-48:39
121            android:name="com.example.android.uamp.media.library.AlbumArtContentProvider"
121-->[:common] AndroidManifest.xml:46:13-90
122            android:authorities="com.example.android.uamp.media.library.provider"
122-->[:common] AndroidManifest.xml:47:13-82
123            android:exported="true" />
123-->[:common] AndroidManifest.xml:48:13-36
124
125        <receiver
125-->[com.google.android.gms:play-services-cast-framework:18.1.0] AndroidManifest.xml:10:9-12:40
126            android:name="com.google.android.gms.cast.framework.media.MediaIntentReceiver"
126-->[com.google.android.gms:play-services-cast-framework:18.1.0] AndroidManifest.xml:11:13-91
127            android:exported="false" />
127-->[com.google.android.gms:play-services-cast-framework:18.1.0] AndroidManifest.xml:12:13-37
128
129        <service
129-->[com.google.android.gms:play-services-cast-framework:18.1.0] AndroidManifest.xml:14:9-16:40
130            android:name="com.google.android.gms.cast.framework.media.MediaNotificationService"
130-->[com.google.android.gms:play-services-cast-framework:18.1.0] AndroidManifest.xml:15:13-96
131            android:exported="false" />
131-->[com.google.android.gms:play-services-cast-framework:18.1.0] AndroidManifest.xml:16:13-37
132        <service
132-->[com.google.android.gms:play-services-cast-framework:18.1.0] AndroidManifest.xml:17:9-19:40
133            android:name="com.google.android.gms.cast.framework.ReconnectionService"
133-->[com.google.android.gms:play-services-cast-framework:18.1.0] AndroidManifest.xml:18:13-85
134            android:exported="false" />
134-->[com.google.android.gms:play-services-cast-framework:18.1.0] AndroidManifest.xml:19:13-37
135
136        <activity
136-->[com.google.android.gms:play-services-base:17.1.0] AndroidManifest.xml:23:9-26:75
137            android:name="com.google.android.gms.common.api.GoogleApiActivity"
137-->[com.google.android.gms:play-services-base:17.1.0] AndroidManifest.xml:24:13-79
138            android:exported="false"
138-->[com.google.android.gms:play-services-base:17.1.0] AndroidManifest.xml:25:13-37
139            android:theme="@android:style/Theme.Translucent.NoTitleBar" />
139-->[com.google.android.gms:play-services-base:17.1.0] AndroidManifest.xml:26:13-72
140
141        <meta-data
141-->[com.google.android.gms:play-services-basement:17.1.0] AndroidManifest.xml:23:9-25:69
142            android:name="com.google.android.gms.version"
142-->[com.google.android.gms:play-services-basement:17.1.0] AndroidManifest.xml:24:13-58
143            android:value="@integer/google_play_services_version" />
143-->[com.google.android.gms:play-services-basement:17.1.0] AndroidManifest.xml:25:13-66
144
145        <provider
145-->[androidx.lifecycle:lifecycle-process:2.2.0] AndroidManifest.xml:25:9-29:43
146            android:name="androidx.lifecycle.ProcessLifecycleOwnerInitializer"
146-->[androidx.lifecycle:lifecycle-process:2.2.0] AndroidManifest.xml:26:13-79
147            android:authorities="com.example.android.uamp.next.lifecycle-process"
147-->[androidx.lifecycle:lifecycle-process:2.2.0] AndroidManifest.xml:27:13-69
148            android:exported="false"
148-->[androidx.lifecycle:lifecycle-process:2.2.0] AndroidManifest.xml:28:13-37
149            android:multiprocess="true" />
149-->[androidx.lifecycle:lifecycle-process:2.2.0] AndroidManifest.xml:29:13-40
150
151        <service
151-->[com.google.android.datatransport:transport-backend-cct:2.1.0] AndroidManifest.xml:29:9-35:19
152            android:name="com.google.android.datatransport.runtime.backends.TransportBackendDiscovery"
152-->[com.google.android.datatransport:transport-backend-cct:2.1.0] AndroidManifest.xml:30:13-103
153            android:exported="false" >
153-->[com.google.android.datatransport:transport-backend-cct:2.1.0] AndroidManifest.xml:31:13-37
154            <meta-data
154-->[com.google.android.datatransport:transport-backend-cct:2.1.0] AndroidManifest.xml:32:13-34:39
155                android:name="backend:com.google.android.datatransport.cct.CctBackendFactory"
155-->[com.google.android.datatransport:transport-backend-cct:2.1.0] AndroidManifest.xml:33:17-94
156                android:value="cct" />
156-->[com.google.android.datatransport:transport-backend-cct:2.1.0] AndroidManifest.xml:34:17-36
157        </service>
158        <service
158-->[com.google.android.datatransport:transport-runtime:2.1.0] AndroidManifest.xml:26:9-30:19
159            android:name="com.google.android.datatransport.runtime.scheduling.jobscheduling.JobInfoSchedulerService"
159-->[com.google.android.datatransport:transport-runtime:2.1.0] AndroidManifest.xml:27:13-117
160            android:exported="false"
160-->[com.google.android.datatransport:transport-runtime:2.1.0] AndroidManifest.xml:28:13-37
161            android:permission="android.permission.BIND_JOB_SERVICE" >
161-->[com.google.android.datatransport:transport-runtime:2.1.0] AndroidManifest.xml:29:13-69
162        </service>
163
164        <receiver
164-->[com.google.android.datatransport:transport-runtime:2.1.0] AndroidManifest.xml:32:9-34:40
165            android:name="com.google.android.datatransport.runtime.scheduling.jobscheduling.AlarmManagerSchedulerBroadcastReceiver"
165-->[com.google.android.datatransport:transport-runtime:2.1.0] AndroidManifest.xml:33:13-132
166            android:exported="false" />
166-->[com.google.android.datatransport:transport-runtime:2.1.0] AndroidManifest.xml:34:13-37
167    </application>
168
169</manifest>